         w __deregister_frame_info
         w __register_frame_info
         w userAppExit
         w userAppInit
00000000 b _TLS_MODULE_BASE_
00000000 00000802 B __ctru_dev_utf16_buf
00000000 a shift
00000000 a shift
00000804 00000401 B __ctru_dev_path_buf
00100000 A __start__
00100000 T _start
00100008 T __service_ptr
0010000c T __apt_appid
00100010 T __heap_size
00100014 T __linear_heap_size
00100018 T __system_arglist
0010001c T __system_runflags
00100020 t startup
00100058 t ClearMem
0010006c t ClrLoop
00100094 T _init
001000ac T __aeabi_idiv
001000ac 00000220 T __divsi3
001000b4 t .divsi3_skip_div0_test
001002cc 00000020 T __aeabi_idivmod
001002ec 00000004 W __aeabi_idiv0
001002ec 00000004 W __aeabi_ldiv0
001002f0 T __aeabi_ldivmod
001003c4 T __aeabi_uldivmod
00100408 00000390 T strcmp
00100790 t .udivsi3_skip_div0_test
00100790 T __aeabi_uidiv
00100790 000001ec T __udivsi3
0010097c 00000020 T __aeabi_uidivmod
0010099c t __do_global_dtors_aux
001009dc t frame_dummy
00100a08 00000080 t thickPixel(unsigned char*, unsigned long, unsigned long, unsigned char, unsigned char, unsigned char) [clone .part.0]
00100a88 00000074 T rngMap()
00100afc 0000010c T main
00100c08 00000028 t _GLOBAL__sub_I__Z9drawPixelPhmmhhh
00100c30 0000051c t consoleHandleColorEsc
0010114c 000000b8 t consoleColorStateShift
00101204 000001ac T consoleDrawChar
001013b0 00000124 T consolePrintChar
001014d4 000006f4 T con_write
00101bc8 000000fc t newRow
00101cc4 0000018c T consoleInit
00101e50 000000d0 t gfxPresentFramebuffer
00101f20 0000001c T gfxIsWide
00101f3c 000000ec T gfxSetScreenFormat
00102028 00000010 T gfxSetDoubleBuffering
00102038 000000e0 T gfxInit
00102118 00000010 T gfxInitDefault
00102128 000000b4 T gfxExit
001021dc 000000a0 T gfxGetFramebuffer
0010227c 00000104 T gfxFlushBuffers
00102380 00000050 T gfxSwapBuffers
001023d0 00000050 T gfxSwapBuffersGpu
00102420 000001ac t aptConvertScreenForCapture
001025cc 00000008 W aptDspSleep
001025d4 00000004 W aptDspWakeup
001025d8 00000004 W aptDspCancel
001025dc 00000158 T aptSendCommand
00102738 00000044 t aptExitProcess
0010277c 0000038c T aptExit
00102b08 000000e0 T aptHandleSleep
00102be8 00000084 T APT_SleepIfShellClosed
00102c6c 00000084 T aptSetSleepAllowed
00102cf0 00000084 T APT_UnlockTransition
00102d78 000004a4 t aptEventHandler
0010321c 000000b0 T APT_ReceiveParameter
001032cc 000000ac t aptReceiveParameter.constprop.0
00103378 000002ac t aptScreenTransfer
00103624 00000320 t aptWaitForWakeUp.isra.0
00103944 000000f8 T aptJumpToHomeMenu
00103a3c 00000048 T aptMainLoop
00103a84 0000022c T aptInit
00103cb0 0000007c T APT_CheckNew3DS
00103d2c 00000c64 t gspHardwareInit
00104990 00000248 T gspInit
00104bd8 000000f0 T gspExit
00104cc8 00000010 T gspHasGpuRight
00104cd8 000000a0 T gspPresentBuffer
00104d78 00000044 T gspWaitForEvent
00104dbc 00000004 W gxCmdQueueInterrupt
00104dc0 00000158 t gspEventThreadMain
00104f18 00000050 T GSPGPU_FlushDataCache
00104f68 00000034 T GSPGPU_SetLcdForceBlack
00104f9c 00000068 T GSPGPU_AcquireRight
00105004 00000048 T GSPGPU_ReleaseRight
0010504c 0000007c T GSPGPU_ImportDisplayCaptureInfo
001050c8 0000002c T GSPGPU_SaveVramSysArea
001050f4 0000002c T GSPGPU_RestoreVramSysArea
00105120 00000024 W hidShouldUseIrrst
00105144 0000018c T hidInit
001052d0 000000e8 T hidExit
001053b8 000002a4 T hidScanInput
0010565c 00000010 T hidKeysDown
0010566c 00000160 T irrstInit
001057cc 000000cc T irrstExit
00105898 000000b4 T irrstScanInput
0010594c 00000024 T irrstKeysHeld
00105970 00000038 W __libctru_init
001059a8 00000170 W __system_initArgv
00105b18 00000030 T __syscall_getreent
00105b48 00000064 T __syscall_gettod_r
00105bac 00000004 T __syscall_lock_acquire
00105bb0 00000004 T __syscall_lock_release
00105bb4 00000004 T __syscall_lock_acquire_recursive
00105bb8 00000004 T __syscall_lock_release_recursive
00105bbc 00000004 T __syscall_exit
00105bc0 00000050 T initThreadVars
00105c10 00000080 T __system_initSyscalls
00105c90 T svcControlMemory
00105cb0 T svcQueryMemory
00105ce0 T svcExitProcess
00105ce8 T svcCreateThread
00105d08 T svcExitThread
00105d10 T svcSleepThread
00105d18 T svcReleaseMutex
00105d20 T svcCreateEvent
00105d34 T svcSignalEvent
00105d3c T svcClearEvent
00105d44 T svcMapMemoryBlock
00105d4c T svcUnmapMemoryBlock
00105d54 T svcCreateAddressArbiter
00105d68 T svcArbitrateAddressNoTimeout
00105d70 T svcCloseHandle
00105d78 T svcWaitSynchronization
00105d80 T svcWaitSynchronizationN
00105da8 T svcDuplicateHandle
00105dbc T svcGetSystemTick
00105dc4 T svcConnectToPort
00105dd8 T svcSendSyncRequest
00105de0 T svcGetResourceLimit
00105df4 T svcGetResourceLimitLimitValues
00105dfc T svcGetResourceLimitCurrentValues
00105e04 T svcBreak
00105e0c W initSystem
00105e5c W __ctru_exit
00105e70 00000024 t addrMapNodeComparator(rbtree_node const*, rbtree_node const*)
00105e94 00000004 t addrMapNodeDestructor(rbtree_node*)
00105e98 00000120 T linearMemAlign
00105fb8 00000008 T linearAlloc
00105fc0 0000005c T linearFree
0010601c 00000080 T MemPool::CoalesceRight(MemBlock*)
0010609c 0000016c T MemPool::Allocate(MemChunk&, unsigned long, int)
00106208 000000fc T MemPool::Deallocate(MemChunk const&)
00106304 00000030 T MemPool::GetFreeSpace()
00106334 00000024 t addrMapNodeComparator(rbtree_node const*, rbtree_node const*)
00106358 00000004 t addrMapNodeDestructor(rbtree_node*)
0010635c 0000024c T vramMemAlignAt
001065a8 0000000c T vramAlloc
001065b4 00000090 T vramFree
00106644 00000084 W envGetHandle
001066c8 00000050 W envDestroyHandles
00106718 00000054 T osGetTimeRef
0010676c 000000ec T osGetTime
00106858 00000034 T __ctru_speedup_config
0010688c 0000012c T srvInit
001069b8 00000058 T srvExit
00106a10 00000060 T srvEnableNotification
00106a70 000000a0 T srvGetServiceHandleDirect
00106b10 00000038 T srvGetServiceHandle
00106b48 00000034 T srvSubscribe
00106b7c 00000060 T srvReceiveNotification
00106bdc 00000038 T srvPublishToSubscriber
00106c14 0000000c T __sync_init
00106c20 00000018 T __sync_fini
00106c38 0000002c T syncArbitrateAddress
00106c64 000000ac T LightLock_Lock
00106d10 00000040 T LightLock_Unlock
00106d50 00000030 T RecursiveLock_Lock
00106d80 00000054 T RecursiveLock_Unlock
00106dd4 00000040 T LightEvent_Init
00106e14 000000a4 T LightEvent_Clear
00106eb8 000000c8 T LightEvent_Signal
00106f80 00000050 T LightEvent_TryWait
00106fd0 000000a0 T LightEvent_Wait
00107070 000001d8 T threadCreate
00107248 0000002c T threadFree
00107274 00000024 T threadJoin
00107298 00000030 T threadGetCurrent
001072c8 00000040 T threadExit
00107308 00000020 t _thread_begin
00107328 000000b4 t mappableFindAddressWithin
001073dc 00000028 T mappableInit
00107404 00000080 T mappableAlloc
00107484 00000004 T mappableFree
00107488 00000074 T ptmSysmInit
001074fc 0000003c T ptmSysmExit
00107538 00000034 T PTMSYSM_ConfigureNew3DSCPU
0010756c 0000000c T srvPmGetSessionHandle
00107578 00000074 T rbtree_find
001075ec 00000010 T rbtree_init
001075fc 000001b0 t do_insert
001077ac 00000008 T rbtree_insert
001077b4 00000318 T rbtree_remove
00107acc 00000090 T rbtree_rotate
00107b60 000001e0 W __system_allocateHeaps
00107d40 00000030 W __appExit
00107d70 00000030 W __appInit
00107da0 00000090 W __libctru_exit
00107e30 00000014 t archive_link
00107e44 00000014 t archive_dirreset
00107e58 00000014 t archive_chmod
00107e6c 00000024 t error_cmp
00107e90 00000050 t archive_translate_error
00107ee0 000000c8 t archive_seek
00107fa8 0000007c t _archiveInit.part.0
00108024 000000c4 t archiveFindDevice.part.0
001080e8 00000280 t archive_utf16path
00108368 0000009c t _archiveUnmountDeviceStruct.part.0
00108404 00000014 t archive_fchmod
00108418 00000014 t archive_statvfs
0010842c 00000164 t _archiveMountDevice
00108590 000000e8 t archive_diropen
00108678 000000a4 t archive_fstat
0010871c 0000006c t archive_fsync
00108788 0000006c t archive_close
001087f4 00000070 t archive_dirclose
00108864 000000e8 t sdmc_statvfs
0010894c 000000ec t archive_chdir
00108a38 0000007c t archive_ftruncate
00108ab4 000000ac t archive_read
00108b60 000000a4 t archive_unlink
00108c04 000000bc t archive_rmdir
00108cc0 000000dc t archive_mkdir
00108d9c 00000194 t archive_stat
00108f30 00000160 t archive_dirnext
00109090 00000124 t archive_write
001091b4 0000020c t archive_open
001093c0 00000278 t archive_rename
00109638 0000019c T archiveMountSdmc
001097d4 00000054 T archiveUnmountAll
00109828 000000cc T fsInit
001098f4 0000003c T fsExit
00109930 00000060 T fsExemptFromSession
00109990 00000050 T fsUnexemptFromSession
001099e0 000000cc T FSUSER_OpenFile
00109aac 000000bc T FSUSER_DeleteFile
00109b68 000000f8 T FSUSER_RenameFile
00109c60 000000bc T FSUSER_DeleteDirectory
00109d1c 000000d4 T FSUSER_CreateFile
00109df0 000000c4 T FSUSER_CreateDirectory
00109eb4 000000f8 T FSUSER_RenameDirectory
00109fac 000000b4 T FSUSER_OpenDirectory
0010a060 00000094 T FSUSER_OpenArchive
0010a0f4 0000008c T FSUSER_CloseArchive
0010a180 00000074 T FSUSER_GetSdmcArchiveResource
0010a1f4 00000064 T FSUSER_IsSdmcWritable
0010a258 00000058 T FSFILE_Read
0010a2b0 00000060 T FSFILE_Write
0010a310 00000038 T FSFILE_GetSize
0010a348 00000028 T FSFILE_SetSize
0010a370 0000003c T FSFILE_Close
0010a3ac 00000024 T FSFILE_Flush
0010a3d0 00000050 T FSDIR_Read
0010a420 0000003c T FSDIR_Close
0010a45c 0000005c T rbtree_node_next
0010a4b8 0000013c T decode_utf8
0010a5f4 000000e8 T utf16_to_utf8
0010a6dc 000000c0 T utf8_to_utf16
0010a79c T __aeabi_read_tp
0010a7a8 00000064 T decode_utf16
0010a80c 00000054 T encode_utf16
0010a860 000000e0 T encode_utf8
0010a940 00000120 T __udivmoddi4
0010aa60 00000034 T printf
0010aa94 00000020 T memalign
0010aab4 0000014c T _memalign_r
0010ac00 00000078 T bsearch
0010ac78 0000025c T setvbuf
0010aed4 00000004 W __call_exitprocs
0010aed8 00000030 T exit
0010af08 000000f8 T _malloc_trim_r
0010b000 000002e8 T _free_r
0010b2e8 00000018 T malloc
0010b300 00000018 T free
0010b318 0000079c T _malloc_r
0010bab4 000000f4 T memset
0010bba8 0000000c T __malloc_lock
0010bbb4 0000000c T __malloc_unlock
0010bbc0 0000064c t get_arg
0010c210 00003378 T _vfprintf_r
0010f588 000000b8 t __sbprintf
0010f640 00000090 T strlen
0010f6d0 0000022c T __sflush_r
0010f8fc 00000094 T _fflush_r
0010f990 000000e4 T strncat
0010fa74 000000e4 T strncmp
0010fb58 00000070 T _fwalk_sglue
0010fbc8 000000c4 T strncpy
0010fc8c 0000001c t stdio_exit_handler
0010fca8 0000005c t cleanup_stdio
0010fd04 00000154 t global_stdio_init.part.0
0010fe58 0000005c T __sinit
0010feb4 0000000c T __sfp_lock_acquire
0010fec0 0000000c T __sfp_lock_release
0010fecc 0000001c T srand
0010fee8 00000044 T rand
0010ff2c 00000048 T strnlen
0010ff74 000001d8 t _strtoul_l.isra.0
0011014c 00000034 T strtoul
00110180 00000024 T __locale_mb_cur_max
001101a4 0000004c T time
001101f0 00000024 T _localeconv_r
00110214 000000e0 T memchr
001102f4 000000f0 T __utf8_wctomb
001103e4 0000011c T memcpy
00110500 00000084 T __libc_init_array
00110584 0000003c T __libc_fini_array
001105c0 0000000c T __errno
001105d0 00000088 T frexp
00110658 0000012c T __smakebuf_r
00110784 0000008c T __swhatbuf_r
00110810 000000a0 T _wcrtomb_r
001108b0 00000028 T _wcsrtombs_r
001108d8 00000044 T __sread
0011091c 00000068 T __swrite
00110984 00000044 T __sseek
001109c8 00000008 T __sclose
001109d0 0000064c t get_arg
0011101c 00000030 T __sprint_r
0011104c 00002304 T _vfiprintf_r
00113350 000000b8 t __sbprintf
00113408 00000138 T __swsetup_r
00113540 000001b4 t quorem
001136f8 00001218 T _dtoa_r
00114910 00000130 T strchr
00114a40 00000148 T _fclose_r
00114b88 00000150 T memmove
00114cd8 00000088 T _Balloc
00114d60 0000001c T _Bfree
00114d7c 000000f4 T __multadd
00114e70 00000060 T __hi0bits
00114ed0 0000009c T __lo0bits
00114f6c 000000a4 T __i2b
00115010 00000204 T __multiply
00115214 00000128 T __pow5mult
0011533c 00000140 T __lshift
0011547c 00000058 T __mcmp
001154d4 000001fc T __mdiff
001156d0 00000124 T __d2b
001157f4 000004b4 T __sfvwrite_r
00115ca8 000004a0 T _realloc_r
00116148 000002f8 T __utf8_mbtowc
00116440 00000188 T _wcsnrtombs_l
001165c8 00000064 T _wcsnrtombs_r
0011662c 000000c0 T _calloc_r
001166ec 0000005c T __assert_func
00116748 0000003c T fiprintf
00116784 00000014 T abort
00116798 00000090 T _raise_r
00116828 00000018 T raise
00116840 00000020 T _exit
00116860 0000013c T chdir
0011699c 000001cc T _concatenate_path
00116b68 00000078 T _fstat_r
00116be0 00000014 T _getpid_r
00116bf4 0000002c T __getreent
00116c20 00000030 T _gettimeofday_r
00116c50 0000003c T __get_handle
00116c8c 000000f4 T _close_r
00116d80 00000008 t null_write
00116d88 00000018 T setDefaultDevice
00116da0 000000c8 T FindDevice
00116e68 00000028 T RemoveDevice
00116e90 0000009c T AddDevice
00116f2c 00000020 T GetDeviceOpTab
00116f4c 00000008 T _isatty_r
00116f54 00000014 T _kill_r
00116f68 00000084 T _lseek_r
00116fec 00000080 T _read_r
0011706c 00000078 W _sbrk_r
001170e4 0000001c T __libc_lock_acquire
00117100 0000001c T __libc_lock_release
0011711c 0000001c T __libc_lock_acquire_recursive
00117138 0000001c T __libc_lock_release_recursive
00117154 00000080 T _write_r
001171d4 00000048 T strrchr
0011721c T _fini
00118134 r .LC2
00118214 00000080 r dotab_stdout
00118294 00000018 r grayScale
001182ac 00000006 r colorCube
001182b4 00000030 r colorTable
001182e4 00000008 r morton_y.2
001182ec 00000008 r morton_x.3
001182f4 00000008 r s_sleepWakeEvents.4
001182fc R default_font_bin
00118afc R default_font_bin_end
00118afc 00000030 r error_table
00118b2c 00000080 r archive_devoptab
00118be8 00000010 r zeroes.0
00118bf8 00000010 r blanks.1
00118c08 00000101 R _ctype_
00118d0c 00000010 r zeroes.0
00118d1c 00000010 r blanks.1
00118d2c 0000006c R __action_table
00118d98 0000006c R __state_table
00118e04 00000100 R __chclass
00118f04 0000000c r p05.0
00118f10 00000028 R __mprec_bigtens
00118f38 000000c8 R __mprec_tens
00119000 00000080 R dotab_stdnull
00119080 R __tdata_align
00119084 r __EH_FRAME_BEGIN__
00119084 R __exidx_end
00119084 R __exidx_start
0011a000 00000004 D width
0011a004 00000004 D height
0011a008 00000001 d firstConsoleInit.0
0011a00c 00000004 D currentConsole
0011a010 00000048 D defaultConsole
0011a058 00000004 d aptChainloadDeliverArgSize
0011a05c 00000004 d kCount
0011a060 00000004 d kInterval
0011a064 00000004 d kDelay
0011a068 W __stacksize__
0011a06c 00000004 D __malloc_sbrk_base
0011a070 00000004 D __malloc_trim_threshold
0011a078 00000408 D __malloc_av_
0011a480 0000000c D __sglue
0011a48c 0000016c D __global_locale
0011a5f8 00000004 D _impure_ptr
0011a600 00000120 D _impure_data
0011a720 00000400 d _current_working_directory
0011ab20 00001000 d handles
0011bb20 0000000c d __stderr_handle
0011bb2c 0000000c d __stdout_handle
0011bb38 0000000c d __stdin_handle
0011bb44 0000008c D devoptab_list
0011bbd0 00000004 d defaultDevice
0011bbdc d _GLOBAL_OFFSET_TABLE_
0011bbe8 d __frame_dummy_init_array_entry
0011bbe8 D __init_array_start
0011bbe8 B __preinit_array_end
0011bbe8 B __preinit_array_start
0011bbe8 D __tdata_lma
0011bbe8 D __tdata_lma_end
0011bbf0 d __do_global_dtors_aux_fini_array_entry
0011bbf0 D __fini_array_start
0011bbf0 D __init_array_end
0011bbf4 D __bss_start__
0011bbf4 D __fini_array_end
0011bbf4 00000004 B fruitCordX
0011bbf8 00000004 B fruitCordY
0011bbfc 00000004 B topScreen
0011bc00 b completed.1
0011bc04 b object.0
0011bc1c 0000001c b escapeSeq
0011bc38 00000048 B currentCopy
0011bc80 00000004 b screenAlloc
0011bc84 00000004 b screenFree
0011bc88 00000002 b gfxIsDoubleBuf
0011bc8c 00000002 b gfxCurBuf
0011bc8e 00000001 b gfxIsVram
0011bc8f 00000001 b gfxTopMode
0011bc90 00000002 b gfxFramebufferFormats
0011bc94 00000004 b gfxBottomFramebufferMaxSize
0011bc98 00000004 b gfxTopFramebufferMaxSize
0011bca0 00000008 b gfxBottomFramebuffers
0011bca8 00000008 b gfxTopFramebuffers
0011bcb0 00000001 b flagValue.0
0011bcb1 00000001 b flagInit.1
0011bcb4 00000004 b serviceName.6
0011bcb8 00000001 b aptChainloadFlags
0011bcb9 00000001 b aptChainloadMediatype
0011bcbc 00000020 b aptChainloadHmac
0011bcdc 00000300 b aptChainloadDeliverArg
0011bfe0 00000008 b aptChainloadTid
0011bfe8 00001000 b aptParameters
0011cfe8 00000004 b aptFlags
0011cfec 00000001 b aptHomeButtonState
0011cff0 00000004 b aptMessageFuncData
0011cff4 00000004 b aptMessageFunc
0011cff8 0000000c b aptFirstHook
0011d004 00000001 b aptEventHandlerThreadQuit
0011d008 00000004 b aptEventHandlerThread
0011d00c 00000008 b aptSleepEvent
0011d014 00000008 b aptReceiveEvent
0011d01c 00000008 b aptEvents
0011d024 00000004 b aptLockHandle
0011d028 00000004 b aptRefCount
0011d02c 00000007 b gspEventCbOneShot
0011d034 0000001c b gspEventCbData
0011d050 0000001c b gspEventCb
0011d06c 00000038 b gspEvents
0011d0a4 00000004 b gspLastEvent
0011d0a8 00000001 b gspRunEvents
0011d0ac 00000004 b gspEventThread
0011d0b0 00000004 b gspEvent
0011d0b4 00000001 b gspGpuRight
0011d0b5 00000001 b gspThreadId
0011d0b8 00000004 b gspSharedMem
0011d0bc 00000004 b gspSharedMemHandle
0011d0c0 00000004 b gspRefCount
0011d0c4 00000004 b gspGpuHandle
0011d0c8 00000001 b usingIrrst
0011d0cc 00000004 b hidRefCount
0011d0d0 00000006 b gRate
0011d0d8 00000006 b aVec
0011d0e0 00000004 b cPos
0011d0e4 00000004 b tPos
0011d0e8 00000004 b kRepeat
0011d0ec 00000004 b kUp
0011d0f0 00000004 b kDown
0011d0f4 00000004 b kHeld
0011d0f8 00000004 b kOld
0011d0fc 00000004 B hidSharedMem
0011d100 00000014 B hidEvents
0011d114 00000004 B hidMemHandle
0011d118 00000004 B hidHandle
0011d11c 00000004 b irrstRefCount
0011d120 00000004 b csPos
0011d124 00000004 b kHeld
0011d128 00000004 B irrstSharedMem
0011d12c 00000004 B irrstEvent
0011d130 00000004 B irrstMemHandle
0011d134 00000004 B irrstHandle
0011d138 00000004 B __system_retAddr
0011d13c 00000004 B __system_argv
0011d140 00000004 B __system_argc
0011d144 b saved_stack
0011d150 00000008 b sLinearPool
0011d158 0000000c b sAddrMap
0011d168 00000008 b sVramPoolB
0011d170 00000008 b sVramPoolA
0011d178 0000000c b sAddrMap
0011d184 00000004 B __3dslink_host
0011d188 00000001 V __ctru_speedup
0011d18c 00000004 b srvRefCount
0011d190 00000004 b srvHandle
0011d194 00000004 b arbiter
0011d198 00000004 b currentAddr
0011d19c 00000004 b maxAddr
0011d1a0 00000004 b minAddr
0011d1a4 00000004 b ptmSysmRefCount
0011d1a8 00000004 b ptmSysmHandle
0011d1ac 00000004 b srvPmHandle
0011d1b0 00000004 V __ctru_linear_heap_size
0011d1b4 00000004 V __ctru_heap_size
0011d1b8 00000004 B __ctru_linear_heap
0011d1bc 00000004 B __ctru_heap
0011d1c0 000005c0 b archive_devices
0011d780 00000004 b archive_device_cwd
0011d784 00000001 b archive_initialized
0011d788 00000080 b fsExemptArchives
0011d808 00000004 b fsuRefCount
0011d80c 00000004 b fsuHandle
0011d810 00000028 B __malloc_current_mallinfo
0011d838 00000004 B __malloc_max_total_mem
0011d83c 00000004 B __malloc_max_sbrked_mem
0011d840 00000004 B __malloc_top_pad
0011d844 0000000c b __malloc_recursive_mutex
0011d850 0000000c b __sfp_recursive_mutex
0011d860 00000168 B __sf
0011d9c8 00000004 B __stdio_exit_handler
0011d9cc 00000400 b temp_cwd
0011ddcc 00000004 b __hndl_lock
0011ddd0 00000004 B fake_heap_start
0011ddd4 00000004 B fake_heap_end
0011ddd8 00000004 b heap_start.0
0011dddc B __tls_start
0011e9e4 B __bss_end__
0011e9e4 A __end__
0011e9e4 B __tls_end
