         w __deregister_frame_info
         w __register_frame_info
         w userAppExit
         w userAppInit
00000000 b _TLS_MODULE_BASE_
00000000 00000802 B __ctru_dev_utf16_buf
00000000 a shift
00000000 a shift
00000804 00000401 B __ctru_dev_path_buf
00100000 A __start__
00100000 T _start
00100008 T __service_ptr
0010000c T __apt_appid
00100010 T __heap_size
00100014 T __linear_heap_size
00100018 T __system_arglist
0010001c T __system_runflags
00100020 t startup
00100058 t ClearMem
0010006c t ClrLoop
00100094 T _init
001000ac T __aeabi_idiv
001000ac 00000220 T __divsi3
001000b4 t .divsi3_skip_div0_test
001002cc 00000020 T __aeabi_idivmod
001002ec 00000004 W __aeabi_idiv0
001002ec 00000004 W __aeabi_ldiv0
001002f0 T __aeabi_uldivmod
00100348 00000390 T strcmp
001006d0 t .udivsi3_skip_div0_test
001006d0 T __aeabi_uidiv
001006d0 000001ec T __udivsi3
001008bc 00000020 T __aeabi_uidivmod
001008dc t __do_global_dtors_aux
0010091c t frame_dummy
00100948 00000080 t thickPixel(unsigned char*, unsigned long, unsigned long, unsigned char, unsigned char, unsigned char) [clone .part.0]
001009c8 000000ec T main
00100ab4 0000051c t consoleHandleColorEsc
00100fd0 000000b8 t consoleColorStateShift
00101088 000001ac T consoleDrawChar
00101234 00000124 T consolePrintChar
00101358 000006f4 T con_write
00101a4c 000000fc t newRow
00101b48 0000018c T consoleInit
00101cd4 000000b8 T consoleClear
00101d8c 000000d0 t gfxPresentFramebuffer
00101e5c 0000001c T gfxIsWide
00101e78 000000ec T gfxSetScreenFormat
00101f64 00000010 T gfxSetDoubleBuffering
00101f74 000000e0 T gfxInit
00102054 00000010 T gfxInitDefault
00102064 000000b4 T gfxExit
00102118 000000a0 T gfxGetFramebuffer
001021b8 00000104 T gfxFlushBuffers
001022bc 00000050 T gfxSwapBuffers
0010230c 00000050 T gfxSwapBuffersGpu
0010235c 000001ac t aptConvertScreenForCapture
00102508 00000008 W aptDspSleep
00102510 00000004 W aptDspWakeup
00102514 00000004 W aptDspCancel
00102518 00000158 T aptSendCommand
00102670 00000044 t aptExitProcess
001026b4 0000038c T aptExit
00102a40 000000e0 T aptHandleSleep
00102b20 00000084 T APT_SleepIfShellClosed
00102ba4 00000084 T aptSetSleepAllowed
00102c28 00000084 T APT_UnlockTransition
00102cb0 000004a4 t aptEventHandler
00103154 000000b0 T APT_ReceiveParameter
00103204 000000ac t aptReceiveParameter.constprop.0
001032b0 000002ac t aptScreenTransfer
0010355c 00000320 t aptWaitForWakeUp.isra.0
0010387c 000000f8 T aptJumpToHomeMenu
00103974 00000048 T aptMainLoop
001039bc 0000022c T aptInit
00103be8 0000007c T APT_CheckNew3DS
00103c64 00000c64 t gspHardwareInit
001048c8 00000248 T gspInit
00104b10 000000f0 T gspExit
00104c00 00000010 T gspHasGpuRight
00104c10 000000a0 T gspPresentBuffer
00104cb0 00000044 T gspWaitForEvent
00104cf4 00000004 W gxCmdQueueInterrupt
00104cf8 00000158 t gspEventThreadMain
00104e50 00000050 T GSPGPU_FlushDataCache
00104ea0 00000034 T GSPGPU_SetLcdForceBlack
00104ed4 00000068 T GSPGPU_AcquireRight
00104f3c 00000048 T GSPGPU_ReleaseRight
00104f84 0000007c T GSPGPU_ImportDisplayCaptureInfo
00105000 0000002c T GSPGPU_SaveVramSysArea
0010502c 0000002c T GSPGPU_RestoreVramSysArea
00105058 00000024 W hidShouldUseIrrst
0010507c 0000018c T hidInit
00105208 000000e8 T hidExit
001052f0 000002a4 T hidScanInput
00105594 00000010 T hidKeysDown
001055a4 00000018 T hidTouchRead
001055bc 00000160 T irrstInit
0010571c 000000cc T irrstExit
001057e8 000000b4 T irrstScanInput
0010589c 00000024 T irrstKeysHeld
001058c0 00000038 W __libctru_init
001058f8 00000170 W __system_initArgv
00105a68 00000030 T __syscall_getreent
00105a98 00000004 T __syscall_lock_acquire
00105a9c 00000004 T __syscall_lock_release
00105aa0 00000004 T __syscall_lock_acquire_recursive
00105aa4 00000004 T __syscall_lock_release_recursive
00105aa8 00000004 T __syscall_exit
00105aac 00000050 T initThreadVars
00105afc 00000080 T __system_initSyscalls
00105b7c T svcControlMemory
00105b9c T svcQueryMemory
00105bcc T svcExitProcess
00105bd4 T svcCreateThread
00105bf4 T svcExitThread
00105bfc T svcSleepThread
00105c04 T svcReleaseMutex
00105c0c T svcCreateEvent
00105c20 T svcSignalEvent
00105c28 T svcClearEvent
00105c30 T svcMapMemoryBlock
00105c38 T svcUnmapMemoryBlock
00105c40 T svcCreateAddressArbiter
00105c54 T svcArbitrateAddressNoTimeout
00105c5c T svcCloseHandle
00105c64 T svcWaitSynchronization
00105c6c T svcWaitSynchronizationN
00105c94 T svcDuplicateHandle
00105ca8 T svcConnectToPort
00105cbc T svcSendSyncRequest
00105cc4 T svcGetResourceLimit
00105cd8 T svcGetResourceLimitLimitValues
00105ce0 T svcGetResourceLimitCurrentValues
00105ce8 T svcBreak
00105cf0 W initSystem
00105d40 W __ctru_exit
00105d54 00000024 t addrMapNodeComparator(rbtree_node const*, rbtree_node const*)
00105d78 00000004 t addrMapNodeDestructor(rbtree_node*)
00105d7c 00000120 T linearMemAlign
00105e9c 00000008 T linearAlloc
00105ea4 0000005c T linearFree
00105f00 00000080 T MemPool::CoalesceRight(MemBlock*)
00105f80 0000016c T MemPool::Allocate(MemChunk&, unsigned long, int)
001060ec 000000fc T MemPool::Deallocate(MemChunk const&)
001061e8 00000030 T MemPool::GetFreeSpace()
00106218 00000024 t addrMapNodeComparator(rbtree_node const*, rbtree_node const*)
0010623c 00000004 t addrMapNodeDestructor(rbtree_node*)
00106240 0000024c T vramMemAlignAt
0010648c 0000000c T vramAlloc
00106498 00000090 T vramFree
00106528 00000084 W envGetHandle
001065ac 00000050 W envDestroyHandles
001065fc 00000034 T __ctru_speedup_config
00106630 0000012c T srvInit
0010675c 00000058 T srvExit
001067b4 00000060 T srvEnableNotification
00106814 000000a0 T srvGetServiceHandleDirect
001068b4 00000038 T srvGetServiceHandle
001068ec 00000034 T srvSubscribe
00106920 00000060 T srvReceiveNotification
00106980 00000038 T srvPublishToSubscriber
001069b8 0000000c T __sync_init
001069c4 00000018 T __sync_fini
001069dc 0000002c T syncArbitrateAddress
00106a08 000000ac T LightLock_Lock
00106ab4 00000040 T LightLock_Unlock
00106af4 00000030 T RecursiveLock_Lock
00106b24 00000054 T RecursiveLock_Unlock
00106b78 00000040 T LightEvent_Init
00106bb8 000000a4 T LightEvent_Clear
00106c5c 000000c8 T LightEvent_Signal
00106d24 00000050 T LightEvent_TryWait
00106d74 000000a0 T LightEvent_Wait
00106e14 000001d8 T threadCreate
00106fec 0000002c T threadFree
00107018 00000024 T threadJoin
0010703c 00000030 T threadGetCurrent
0010706c 00000040 T threadExit
001070ac 00000020 t _thread_begin
001070cc 000000b4 t mappableFindAddressWithin
00107180 00000028 T mappableInit
001071a8 00000080 T mappableAlloc
00107228 00000004 T mappableFree
0010722c 00000074 T ptmSysmInit
001072a0 0000003c T ptmSysmExit
001072dc 00000034 T PTMSYSM_ConfigureNew3DSCPU
00107310 0000000c T srvPmGetSessionHandle
0010731c 00000074 T rbtree_find
00107390 00000010 T rbtree_init
001073a0 000001b0 t do_insert
00107550 00000008 T rbtree_insert
00107558 00000318 T rbtree_remove
00107870 00000090 T rbtree_rotate
00107900 000001e0 W __system_allocateHeaps
00107ae0 00000030 W __appExit
00107b10 00000030 W __appInit
00107b40 00000090 W __libctru_exit
00107bd0 00000014 t archive_link
00107be4 00000014 t archive_dirreset
00107bf8 00000014 t archive_chmod
00107c0c 00000024 t error_cmp
00107c30 00000050 t archive_translate_error
00107c80 000000c8 t archive_seek
00107d48 0000007c t _archiveInit.part.0
00107dc4 000000c4 t archiveFindDevice.part.0
00107e88 00000280 t archive_utf16path
00108108 0000009c t _archiveUnmountDeviceStruct.part.0
001081a4 00000014 t archive_fchmod
001081b8 00000014 t archive_statvfs
001081cc 00000164 t _archiveMountDevice
00108330 000000e8 t archive_diropen
00108418 000000a4 t archive_fstat
001084bc 0000006c t archive_fsync
00108528 0000006c t archive_close
00108594 00000070 t archive_dirclose
00108604 000000e8 t sdmc_statvfs
001086ec 000000ec t archive_chdir
001087d8 0000007c t archive_ftruncate
00108854 000000ac t archive_read
00108900 000000a4 t archive_unlink
001089a4 000000bc t archive_rmdir
00108a60 000000dc t archive_mkdir
00108b3c 00000194 t archive_stat
00108cd0 00000160 t archive_dirnext
00108e30 00000124 t archive_write
00108f54 0000020c t archive_open
00109160 00000278 t archive_rename
001093d8 0000019c T archiveMountSdmc
00109574 00000054 T archiveUnmountAll
001095c8 000000cc T fsInit
00109694 0000003c T fsExit
001096d0 00000060 T fsExemptFromSession
00109730 00000050 T fsUnexemptFromSession
00109780 000000cc T FSUSER_OpenFile
0010984c 000000bc T FSUSER_DeleteFile
00109908 000000f8 T FSUSER_RenameFile
00109a00 000000bc T FSUSER_DeleteDirectory
00109abc 000000d4 T FSUSER_CreateFile
00109b90 000000c4 T FSUSER_CreateDirectory
00109c54 000000f8 T FSUSER_RenameDirectory
00109d4c 000000b4 T FSUSER_OpenDirectory
00109e00 00000094 T FSUSER_OpenArchive
00109e94 0000008c T FSUSER_CloseArchive
00109f20 00000074 T FSUSER_GetSdmcArchiveResource
00109f94 00000064 T FSUSER_IsSdmcWritable
00109ff8 00000058 T FSFILE_Read
0010a050 00000060 T FSFILE_Write
0010a0b0 00000038 T FSFILE_GetSize
0010a0e8 00000028 T FSFILE_SetSize
0010a110 0000003c T FSFILE_Close
0010a14c 00000024 T FSFILE_Flush
0010a170 00000050 T FSDIR_Read
0010a1c0 0000003c T FSDIR_Close
0010a1fc 0000005c T rbtree_node_next
0010a258 0000013c T decode_utf8
0010a394 000000e8 T utf16_to_utf8
0010a47c 000000c0 T utf8_to_utf16
0010a53c T __aeabi_read_tp
0010a548 00000064 T decode_utf16
0010a5ac 00000054 T encode_utf16
0010a600 000000e0 T encode_utf8
0010a6e0 00000120 T __udivmoddi4
0010a800 00000034 T printf
0010a834 00000020 T memalign
0010a854 0000014c T _memalign_r
0010a9a0 00000078 T bsearch
0010aa18 0000025c T setvbuf
0010ac74 00000004 W __call_exitprocs
0010ac78 00000030 T exit
0010aca8 000000f8 T _malloc_trim_r
0010ada0 000002e8 T _free_r
0010b088 00000018 T malloc
0010b0a0 00000018 T free
0010b0b8 0000079c T _malloc_r
0010b854 000000f4 T memset
0010b948 0000000c T __malloc_lock
0010b954 0000000c T __malloc_unlock
0010b960 0000064c t get_arg
0010bfb0 00003378 T _vfprintf_r
0010f328 000000b8 t __sbprintf
0010f3e0 00000090 T strlen
0010f470 0000022c T __sflush_r
0010f69c 00000094 T _fflush_r
0010f730 000000e4 T strncat
0010f814 000000e4 T strncmp
0010f8f8 00000070 T _fwalk_sglue
0010f968 000000c4 T strncpy
0010fa2c 0000001c t stdio_exit_handler
0010fa48 0000005c t cleanup_stdio
0010faa4 00000154 t global_stdio_init.part.0
0010fbf8 0000005c T __sinit
0010fc54 0000000c T __sfp_lock_acquire
0010fc60 0000000c T __sfp_lock_release
0010fc6c 00000048 T strnlen
0010fcb4 000001d8 t _strtoul_l.isra.0
0010fe8c 00000034 T strtoul
0010fec0 00000024 T __locale_mb_cur_max
0010fee4 00000024 T _localeconv_r
0010ff08 000000e0 T memchr
0010ffe8 000000f0 T __utf8_wctomb
001100d8 0000011c T memcpy
001101f4 00000084 T __libc_init_array
00110278 0000003c T __libc_fini_array
001102b4 0000000c T __errno
001102c0 00000088 T frexp
00110348 0000012c T __smakebuf_r
00110474 0000008c T __swhatbuf_r
00110500 000000a0 T _wcrtomb_r
001105a0 00000028 T _wcsrtombs_r
001105c8 00000044 T __sread
0011060c 00000068 T __swrite
00110674 00000044 T __sseek
001106b8 00000008 T __sclose
001106c0 0000064c t get_arg
00110d0c 00000030 T __sprint_r
00110d3c 00002304 T _vfiprintf_r
00113040 000000b8 t __sbprintf
001130f8 00000138 T __swsetup_r
00113230 000001b4 t quorem
001133e8 00001218 T _dtoa_r
00114600 00000130 T strchr
00114730 00000148 T _fclose_r
00114878 00000150 T memmove
001149c8 00000088 T _Balloc
00114a50 0000001c T _Bfree
00114a6c 000000f4 T __multadd
00114b60 00000060 T __hi0bits
00114bc0 0000009c T __lo0bits
00114c5c 000000a4 T __i2b
00114d00 00000204 T __multiply
00114f04 00000128 T __pow5mult
0011502c 00000140 T __lshift
0011516c 00000058 T __mcmp
001151c4 000001fc T __mdiff
001153c0 00000124 T __d2b
001154e4 000004b4 T __sfvwrite_r
00115998 000004a0 T _realloc_r
00115e38 000002f8 T __utf8_mbtowc
00116130 00000188 T _wcsnrtombs_l
001162b8 00000064 T _wcsnrtombs_r
0011631c 000000c0 T _calloc_r
001163dc 0000005c T __assert_func
00116438 0000003c T fiprintf
00116474 00000014 T abort
00116488 00000090 T _raise_r
00116518 00000018 T raise
00116530 00000020 T _exit
00116550 0000013c T chdir
0011668c 000001cc T _concatenate_path
00116858 00000078 T _fstat_r
001168d0 00000014 T _getpid_r
001168e4 0000002c T __getreent
00116910 0000003c T __get_handle
0011694c 000000f4 T _close_r
00116a40 00000008 t null_write
00116a48 00000018 T setDefaultDevice
00116a60 000000c8 T FindDevice
00116b28 00000028 T RemoveDevice
00116b50 0000009c T AddDevice
00116bec 00000020 T GetDeviceOpTab
00116c0c 00000008 T _isatty_r
00116c14 00000014 T _kill_r
00116c28 00000084 T _lseek_r
00116cac 00000080 T _read_r
00116d2c 00000078 W _sbrk_r
00116da4 0000001c T __libc_lock_acquire
00116dc0 0000001c T __libc_lock_release
00116ddc 0000001c T __libc_lock_acquire_recursive
00116df8 0000001c T __libc_lock_release_recursive
00116e14 00000080 T _write_r
00116e94 00000048 T strrchr
00116edc T _fini
00117138 r .LC2
00117218 00000080 r dotab_stdout
00117298 00000018 r grayScale
001172b0 00000006 r colorCube
001172b8 00000030 r colorTable
001172e8 00000008 r morton_y.2
001172f0 00000008 r morton_x.3
001172f8 00000008 r s_sleepWakeEvents.4
00117300 R default_font_bin
00117b00 R default_font_bin_end
00117b00 00000030 r error_table
00117b30 00000080 r archive_devoptab
00117bec 00000010 r zeroes.0
00117bfc 00000010 r blanks.1
00117c0c 00000101 R _ctype_
00117d10 00000010 r zeroes.0
00117d20 00000010 r blanks.1
00117d30 0000006c R __action_table
00117d9c 0000006c R __state_table
00117e08 00000100 R __chclass
00117f08 0000000c r p05.0
00117f18 00000028 R __mprec_bigtens
00117f40 000000c8 R __mprec_tens
00118008 00000080 R dotab_stdnull
00118088 R __tdata_align
0011808c r __EH_FRAME_BEGIN__
0011808c R __exidx_end
0011808c R __exidx_start
00119000 00000001 d firstConsoleInit.0
00119004 00000004 D currentConsole
00119008 00000048 D defaultConsole
00119050 00000004 d aptChainloadDeliverArgSize
00119054 00000004 d kCount
00119058 00000004 d kInterval
0011905c 00000004 d kDelay
00119060 W __stacksize__
00119064 00000004 D __malloc_sbrk_base
00119068 00000004 D __malloc_trim_threshold
00119070 00000408 D __malloc_av_
00119478 0000000c D __sglue
00119484 0000016c D __global_locale
001195f0 00000004 D _impure_ptr
001195f8 00000120 D _impure_data
00119718 00000400 d _current_working_directory
00119b18 00001000 d handles
0011ab18 0000000c d __stderr_handle
0011ab24 0000000c d __stdout_handle
0011ab30 0000000c d __stdin_handle
0011ab3c 0000008c D devoptab_list
0011abc8 00000004 d defaultDevice
0011abd4 d _GLOBAL_OFFSET_TABLE_
0011abe0 d __frame_dummy_init_array_entry
0011abe0 D __init_array_start
0011abe0 B __preinit_array_end
0011abe0 B __preinit_array_start
0011abe0 D __tdata_lma
0011abe0 D __tdata_lma_end
0011abe4 d __do_global_dtors_aux_fini_array_entry
0011abe4 D __fini_array_start
0011abe4 D __init_array_end
0011abe8 D __bss_start__
0011abe8 D __fini_array_end
0011abe8 b completed.1
0011abec b object.0
0011ac04 0000001c b escapeSeq
0011ac20 00000048 B currentCopy
0011ac68 00000004 b screenAlloc
0011ac6c 00000004 b screenFree
0011ac70 00000002 b gfxIsDoubleBuf
0011ac74 00000002 b gfxCurBuf
0011ac76 00000001 b gfxIsVram
0011ac77 00000001 b gfxTopMode
0011ac78 00000002 b gfxFramebufferFormats
0011ac7c 00000004 b gfxBottomFramebufferMaxSize
0011ac80 00000004 b gfxTopFramebufferMaxSize
0011ac88 00000008 b gfxBottomFramebuffers
0011ac90 00000008 b gfxTopFramebuffers
0011ac98 00000001 b flagValue.0
0011ac99 00000001 b flagInit.1
0011ac9c 00000004 b serviceName.6
0011aca0 00000001 b aptChainloadFlags
0011aca1 00000001 b aptChainloadMediatype
0011aca4 00000020 b aptChainloadHmac
0011acc4 00000300 b aptChainloadDeliverArg
0011afc8 00000008 b aptChainloadTid
0011afd0 00001000 b aptParameters
0011bfd0 00000004 b aptFlags
0011bfd4 00000001 b aptHomeButtonState
0011bfd8 00000004 b aptMessageFuncData
0011bfdc 00000004 b aptMessageFunc
0011bfe0 0000000c b aptFirstHook
0011bfec 00000001 b aptEventHandlerThreadQuit
0011bff0 00000004 b aptEventHandlerThread
0011bff4 00000008 b aptSleepEvent
0011bffc 00000008 b aptReceiveEvent
0011c004 00000008 b aptEvents
0011c00c 00000004 b aptLockHandle
0011c010 00000004 b aptRefCount
0011c014 00000007 b gspEventCbOneShot
0011c01c 0000001c b gspEventCbData
0011c038 0000001c b gspEventCb
0011c054 00000038 b gspEvents
0011c08c 00000004 b gspLastEvent
0011c090 00000001 b gspRunEvents
0011c094 00000004 b gspEventThread
0011c098 00000004 b gspEvent
0011c09c 00000001 b gspGpuRight
0011c09d 00000001 b gspThreadId
0011c0a0 00000004 b gspSharedMem
0011c0a4 00000004 b gspSharedMemHandle
0011c0a8 00000004 b gspRefCount
0011c0ac 00000004 b gspGpuHandle
0011c0b0 00000001 b usingIrrst
0011c0b4 00000004 b hidRefCount
0011c0b8 00000006 b gRate
0011c0c0 00000006 b aVec
0011c0c8 00000004 b cPos
0011c0cc 00000004 b tPos
0011c0d0 00000004 b kRepeat
0011c0d4 00000004 b kUp
0011c0d8 00000004 b kDown
0011c0dc 00000004 b kHeld
0011c0e0 00000004 b kOld
0011c0e4 00000004 B hidSharedMem
0011c0e8 00000014 B hidEvents
0011c0fc 00000004 B hidMemHandle
0011c100 00000004 B hidHandle
0011c104 00000004 b irrstRefCount
0011c108 00000004 b csPos
0011c10c 00000004 b kHeld
0011c110 00000004 B irrstSharedMem
0011c114 00000004 B irrstEvent
0011c118 00000004 B irrstMemHandle
0011c11c 00000004 B irrstHandle
0011c120 00000004 B __system_retAddr
0011c124 00000004 B __system_argv
0011c128 00000004 B __system_argc
0011c12c b saved_stack
0011c138 00000008 b sLinearPool
0011c140 0000000c b sAddrMap
0011c150 00000008 b sVramPoolB
0011c158 00000008 b sVramPoolA
0011c160 0000000c b sAddrMap
0011c16c 00000004 B __3dslink_host
0011c170 00000001 V __ctru_speedup
0011c174 00000004 b srvRefCount
0011c178 00000004 b srvHandle
0011c17c 00000004 b arbiter
0011c180 00000004 b currentAddr
0011c184 00000004 b maxAddr
0011c188 00000004 b minAddr
0011c18c 00000004 b ptmSysmRefCount
0011c190 00000004 b ptmSysmHandle
0011c194 00000004 b srvPmHandle
0011c198 00000004 V __ctru_linear_heap_size
0011c19c 00000004 V __ctru_heap_size
0011c1a0 00000004 B __ctru_linear_heap
0011c1a4 00000004 B __ctru_heap
0011c1a8 000005c0 b archive_devices
0011c768 00000004 b archive_device_cwd
0011c76c 00000001 b archive_initialized
0011c770 00000080 b fsExemptArchives
0011c7f0 00000004 b fsuRefCount
0011c7f4 00000004 b fsuHandle
0011c7f8 00000028 B __malloc_current_mallinfo
0011c820 00000004 B __malloc_max_total_mem
0011c824 00000004 B __malloc_max_sbrked_mem
0011c828 00000004 B __malloc_top_pad
0011c82c 0000000c b __malloc_recursive_mutex
0011c838 0000000c b __sfp_recursive_mutex
0011c848 00000168 B __sf
0011c9b0 00000004 B __stdio_exit_handler
0011c9b4 00000400 b temp_cwd
0011cdb4 00000004 b __hndl_lock
0011cdb8 00000004 B fake_heap_start
0011cdbc 00000004 B fake_heap_end
0011cdc0 00000004 b heap_start.0
0011cdc4 B __tls_start
0011d9cc B __bss_end__
0011d9cc A __end__
0011d9cc B __tls_end
