         w __deregister_frame_info
         w __register_frame_info
         w userAppExit
         w userAppInit
00000000 b _TLS_MODULE_BASE_
00000000 00000802 B __ctru_dev_utf16_buf
00000000 a shift
00000000 a shift
00000804 00000401 B __ctru_dev_path_buf
00100000 A __start__
00100000 T _start
00100008 T __service_ptr
0010000c T __apt_appid
00100010 T __heap_size
00100014 T __linear_heap_size
00100018 T __system_arglist
0010001c T __system_runflags
00100020 t startup
00100058 t ClearMem
0010006c t ClrLoop
00100094 T _init
001000ac T __aeabi_idiv
001000ac 00000220 T __divsi3
001000b4 t .divsi3_skip_div0_test
001002cc 00000020 T __aeabi_idivmod
001002ec 00000004 W __aeabi_idiv0
001002ec 00000004 W __aeabi_ldiv0
001002f0 T __aeabi_ldivmod
001003c4 T __aeabi_uldivmod
00100408 00000390 T strcmp
00100790 t .udivsi3_skip_div0_test
00100790 T __aeabi_uidiv
00100790 000001ec T __udivsi3
0010097c 00000020 T __aeabi_uidivmod
0010099c t __do_global_dtors_aux
001009dc t frame_dummy
00100a08 00000080 t thickPixel(unsigned char*, unsigned long, unsigned long, unsigned char, unsigned char, unsigned char) [clone .part.0]
00100a88 0000008c T GameInit()
00100b14 00000114 T UpdateGame()
00100c28 00000554 T main
0010117c 0000051c t consoleHandleColorEsc
00101698 000000b8 t consoleColorStateShift
00101750 000001ac T consoleDrawChar
001018fc 00000124 T consolePrintChar
00101a20 000006f4 T con_write
00102114 000000fc t newRow
00102210 0000018c T consoleInit
0010239c 000000d0 t gfxPresentFramebuffer
0010246c 0000001c T gfxIsWide
00102488 000000ec T gfxSetScreenFormat
00102574 00000010 T gfxSetDoubleBuffering
00102584 000000e0 T gfxInit
00102664 00000010 T gfxInitDefault
00102674 000000b4 T gfxExit
00102728 000000a0 T gfxGetFramebuffer
001027c8 00000104 T gfxFlushBuffers
001028cc 00000050 T gfxSwapBuffers
0010291c 00000050 T gfxSwapBuffersGpu
0010296c 000001ac t aptConvertScreenForCapture
00102b18 00000008 W aptDspSleep
00102b20 00000004 W aptDspWakeup
00102b24 00000004 W aptDspCancel
00102b28 00000158 T aptSendCommand
00102c80 00000044 t aptExitProcess
00102cc4 0000038c T aptExit
00103050 000000e0 T aptHandleSleep
00103130 00000084 T APT_SleepIfShellClosed
001031b4 00000084 T aptSetSleepAllowed
00103238 00000084 T APT_UnlockTransition
001032c0 000004a4 t aptEventHandler
00103764 000000b0 T APT_ReceiveParameter
00103814 000000ac t aptReceiveParameter.constprop.0
001038c0 000002ac t aptScreenTransfer
00103b6c 00000320 t aptWaitForWakeUp.isra.0
00103e8c 000000f8 T aptJumpToHomeMenu
00103f84 00000048 T aptMainLoop
00103fcc 0000022c T aptInit
001041f8 0000007c T APT_CheckNew3DS
00104274 00000c64 t gspHardwareInit
00104ed8 00000248 T gspInit
00105120 000000f0 T gspExit
00105210 00000010 T gspHasGpuRight
00105220 000000a0 T gspPresentBuffer
001052c0 00000044 T gspWaitForEvent
00105304 00000004 W gxCmdQueueInterrupt
00105308 00000158 t gspEventThreadMain
00105460 00000050 T GSPGPU_FlushDataCache
001054b0 00000034 T GSPGPU_SetLcdForceBlack
001054e4 00000068 T GSPGPU_AcquireRight
0010554c 00000048 T GSPGPU_ReleaseRight
00105594 0000007c T GSPGPU_ImportDisplayCaptureInfo
00105610 0000002c T GSPGPU_SaveVramSysArea
0010563c 0000002c T GSPGPU_RestoreVramSysArea
00105668 00000024 W hidShouldUseIrrst
0010568c 0000018c T hidInit
00105818 000000e8 T hidExit
00105900 000002a4 T hidScanInput
00105ba4 00000010 T hidKeysHeld
00105bb4 00000010 T hidKeysDown
00105bc4 00000160 T irrstInit
00105d24 000000cc T irrstExit
00105df0 000000b4 T irrstScanInput
00105ea4 00000024 T irrstKeysHeld
00105ec8 00000038 W __libctru_init
00105f00 00000170 W __system_initArgv
00106070 00000030 T __syscall_getreent
001060a0 00000064 T __syscall_gettod_r
00106104 00000004 T __syscall_lock_acquire
00106108 00000004 T __syscall_lock_release
0010610c 00000004 T __syscall_lock_acquire_recursive
00106110 00000004 T __syscall_lock_release_recursive
00106114 00000004 T __syscall_exit
00106118 00000050 T initThreadVars
00106168 00000080 T __system_initSyscalls
001061e8 T svcControlMemory
00106208 T svcQueryMemory
00106238 T svcExitProcess
00106240 T svcCreateThread
00106260 T svcExitThread
00106268 T svcSleepThread
00106270 T svcReleaseMutex
00106278 T svcCreateEvent
0010628c T svcSignalEvent
00106294 T svcClearEvent
0010629c T svcMapMemoryBlock
001062a4 T svcUnmapMemoryBlock
001062ac T svcCreateAddressArbiter
001062c0 T svcArbitrateAddressNoTimeout
001062c8 T svcCloseHandle
001062d0 T svcWaitSynchronization
001062d8 T svcWaitSynchronizationN
00106300 T svcDuplicateHandle
00106314 T svcGetSystemTick
0010631c T svcConnectToPort
00106330 T svcSendSyncRequest
00106338 T svcGetResourceLimit
0010634c T svcGetResourceLimitLimitValues
00106354 T svcGetResourceLimitCurrentValues
0010635c T svcBreak
00106364 W initSystem
001063b4 W __ctru_exit
001063c8 00000024 t addrMapNodeComparator(rbtree_node const*, rbtree_node const*)
001063ec 00000004 t addrMapNodeDestructor(rbtree_node*)
001063f0 00000120 T linearMemAlign
00106510 00000008 T linearAlloc
00106518 0000005c T linearFree
00106574 00000080 T MemPool::CoalesceRight(MemBlock*)
001065f4 0000016c T MemPool::Allocate(MemChunk&, unsigned long, int)
00106760 000000fc T MemPool::Deallocate(MemChunk const&)
0010685c 00000030 T MemPool::GetFreeSpace()
0010688c 00000024 t addrMapNodeComparator(rbtree_node const*, rbtree_node const*)
001068b0 00000004 t addrMapNodeDestructor(rbtree_node*)
001068b4 0000024c T vramMemAlignAt
00106b00 0000000c T vramAlloc
00106b0c 00000090 T vramFree
00106b9c 00000084 W envGetHandle
00106c20 00000050 W envDestroyHandles
00106c70 00000054 T osGetTimeRef
00106cc4 000000ec T osGetTime
00106db0 00000034 T __ctru_speedup_config
00106de4 0000012c T srvInit
00106f10 00000058 T srvExit
00106f68 00000060 T srvEnableNotification
00106fc8 000000a0 T srvGetServiceHandleDirect
00107068 00000038 T srvGetServiceHandle
001070a0 00000034 T srvSubscribe
001070d4 00000060 T srvReceiveNotification
00107134 00000038 T srvPublishToSubscriber
0010716c 0000000c T __sync_init
00107178 00000018 T __sync_fini
00107190 0000002c T syncArbitrateAddress
001071bc 000000ac T LightLock_Lock
00107268 00000040 T LightLock_Unlock
001072a8 00000030 T RecursiveLock_Lock
001072d8 00000054 T RecursiveLock_Unlock
0010732c 00000040 T LightEvent_Init
0010736c 000000a4 T LightEvent_Clear
00107410 000000c8 T LightEvent_Signal
001074d8 00000050 T LightEvent_TryWait
00107528 000000a0 T LightEvent_Wait
001075c8 000001d8 T threadCreate
001077a0 0000002c T threadFree
001077cc 00000024 T threadJoin
001077f0 00000030 T threadGetCurrent
00107820 00000040 T threadExit
00107860 00000020 t _thread_begin
00107880 000000b4 t mappableFindAddressWithin
00107934 00000028 T mappableInit
0010795c 00000080 T mappableAlloc
001079dc 00000004 T mappableFree
001079e0 00000074 T ptmSysmInit
00107a54 0000003c T ptmSysmExit
00107a90 00000034 T PTMSYSM_ConfigureNew3DSCPU
00107ac4 0000000c T srvPmGetSessionHandle
00107ad0 00000074 T rbtree_find
00107b44 00000010 T rbtree_init
00107b54 000001b0 t do_insert
00107d04 00000008 T rbtree_insert
00107d0c 00000318 T rbtree_remove
00108024 00000090 T rbtree_rotate
001080b8 000001e0 W __system_allocateHeaps
00108298 00000030 W __appExit
001082c8 00000030 W __appInit
001082f8 00000090 W __libctru_exit
00108388 00000014 t archive_link
0010839c 00000014 t archive_dirreset
001083b0 00000014 t archive_chmod
001083c4 00000024 t error_cmp
001083e8 00000050 t archive_translate_error
00108438 000000c8 t archive_seek
00108500 0000007c t _archiveInit.part.0
0010857c 000000c4 t archiveFindDevice.part.0
00108640 00000280 t archive_utf16path
001088c0 0000009c t _archiveUnmountDeviceStruct.part.0
0010895c 00000014 t archive_fchmod
00108970 00000014 t archive_statvfs
00108984 00000164 t _archiveMountDevice
00108ae8 000000e8 t archive_diropen
00108bd0 000000a4 t archive_fstat
00108c74 0000006c t archive_fsync
00108ce0 0000006c t archive_close
00108d4c 00000070 t archive_dirclose
00108dbc 000000e8 t sdmc_statvfs
00108ea4 000000ec t archive_chdir
00108f90 0000007c t archive_ftruncate
0010900c 000000ac t archive_read
001090b8 000000a4 t archive_unlink
0010915c 000000bc t archive_rmdir
00109218 000000dc t archive_mkdir
001092f4 00000194 t archive_stat
00109488 00000160 t archive_dirnext
001095e8 00000124 t archive_write
0010970c 0000020c t archive_open
00109918 00000278 t archive_rename
00109b90 0000019c T archiveMountSdmc
00109d2c 00000054 T archiveUnmountAll
00109d80 000000cc T fsInit
00109e4c 0000003c T fsExit
00109e88 00000060 T fsExemptFromSession
00109ee8 00000050 T fsUnexemptFromSession
00109f38 000000cc T FSUSER_OpenFile
0010a004 000000bc T FSUSER_DeleteFile
0010a0c0 000000f8 T FSUSER_RenameFile
0010a1b8 000000bc T FSUSER_DeleteDirectory
0010a274 000000d4 T FSUSER_CreateFile
0010a348 000000c4 T FSUSER_CreateDirectory
0010a40c 000000f8 T FSUSER_RenameDirectory
0010a504 000000b4 T FSUSER_OpenDirectory
0010a5b8 00000094 T FSUSER_OpenArchive
0010a64c 0000008c T FSUSER_CloseArchive
0010a6d8 00000074 T FSUSER_GetSdmcArchiveResource
0010a74c 00000064 T FSUSER_IsSdmcWritable
0010a7b0 00000058 T FSFILE_Read
0010a808 00000060 T FSFILE_Write
0010a868 00000038 T FSFILE_GetSize
0010a8a0 00000028 T FSFILE_SetSize
0010a8c8 0000003c T FSFILE_Close
0010a904 00000024 T FSFILE_Flush
0010a928 00000050 T FSDIR_Read
0010a978 0000003c T FSDIR_Close
0010a9b4 0000005c T rbtree_node_next
0010aa10 0000013c T decode_utf8
0010ab4c 000000e8 T utf16_to_utf8
0010ac34 000000c0 T utf8_to_utf16
0010acf4 T __aeabi_read_tp
0010ad00 00000064 T decode_utf16
0010ad64 00000054 T encode_utf16
0010adb8 000000e0 T encode_utf8
0010ae98 00000120 T __udivmoddi4
0010afb8 00000034 T printf
0010afec 00000020 T memalign
0010b00c 0000014c T _memalign_r
0010b158 00000078 T bsearch
0010b1d0 0000025c T setvbuf
0010b42c 00000004 W __call_exitprocs
0010b430 00000030 T exit
0010b460 000000f8 T _malloc_trim_r
0010b558 000002e8 T _free_r
0010b840 00000018 T malloc
0010b858 00000018 T free
0010b870 0000079c T _malloc_r
0010c00c 000000f4 T memset
0010c100 0000000c T __malloc_lock
0010c10c 0000000c T __malloc_unlock
0010c118 0000064c t get_arg
0010c768 00003378 T _vfprintf_r
0010fae0 000000b8 t __sbprintf
0010fb98 00000090 T strlen
0010fc28 0000022c T __sflush_r
0010fe54 00000094 T _fflush_r
0010fee8 000000e4 T strncat
0010ffcc 000000e4 T strncmp
001100b0 00000070 T _fwalk_sglue
00110120 000000c4 T strncpy
001101e4 0000001c t stdio_exit_handler
00110200 0000005c t cleanup_stdio
0011025c 00000154 t global_stdio_init.part.0
001103b0 0000005c T __sinit
0011040c 0000000c T __sfp_lock_acquire
00110418 0000000c T __sfp_lock_release
00110424 0000001c T srand
00110440 00000044 T rand
00110484 00000048 T strnlen
001104cc 000001d8 t _strtoul_l.isra.0
001106a4 00000034 T strtoul
001106d8 00000024 T __locale_mb_cur_max
001106fc 0000004c T time
00110748 00000024 T _localeconv_r
0011076c 000000e0 T memchr
0011084c 000000f0 T __utf8_wctomb
0011093c 0000011c T memcpy
00110a58 00000084 T __libc_init_array
00110adc 0000003c T __libc_fini_array
00110b18 0000000c T __errno
00110b28 00000088 T frexp
00110bb0 0000012c T __smakebuf_r
00110cdc 0000008c T __swhatbuf_r
00110d68 000000a0 T _wcrtomb_r
00110e08 00000028 T _wcsrtombs_r
00110e30 00000044 T __sread
00110e74 00000068 T __swrite
00110edc 00000044 T __sseek
00110f20 00000008 T __sclose
00110f28 0000064c t get_arg
00111574 00000030 T __sprint_r
001115a4 00002304 T _vfiprintf_r
001138a8 000000b8 t __sbprintf
00113960 00000138 T __swsetup_r
00113a98 000001b4 t quorem
00113c50 00001218 T _dtoa_r
00114e68 00000130 T strchr
00114f98 00000148 T _fclose_r
001150e0 00000150 T memmove
00115230 00000088 T _Balloc
001152b8 0000001c T _Bfree
001152d4 000000f4 T __multadd
001153c8 00000060 T __hi0bits
00115428 0000009c T __lo0bits
001154c4 000000a4 T __i2b
00115568 00000204 T __multiply
0011576c 00000128 T __pow5mult
00115894 00000140 T __lshift
001159d4 00000058 T __mcmp
00115a2c 000001fc T __mdiff
00115c28 00000124 T __d2b
00115d4c 000004b4 T __sfvwrite_r
00116200 000004a0 T _realloc_r
001166a0 000002f8 T __utf8_mbtowc
00116998 00000188 T _wcsnrtombs_l
00116b20 00000064 T _wcsnrtombs_r
00116b84 000000c0 T _calloc_r
00116c44 0000005c T __assert_func
00116ca0 0000003c T fiprintf
00116cdc 00000014 T abort
00116cf0 00000090 T _raise_r
00116d80 00000018 T raise
00116d98 00000020 T _exit
00116db8 0000013c T chdir
00116ef4 000001cc T _concatenate_path
001170c0 00000078 T _fstat_r
00117138 00000014 T _getpid_r
0011714c 0000002c T __getreent
00117178 00000030 T _gettimeofday_r
001171a8 0000003c T __get_handle
001171e4 000000f4 T _close_r
001172d8 00000008 t null_write
001172e0 00000018 T setDefaultDevice
001172f8 000000c8 T FindDevice
001173c0 00000028 T RemoveDevice
001173e8 0000009c T AddDevice
00117484 00000020 T GetDeviceOpTab
001174a4 00000008 T _isatty_r
001174ac 00000014 T _kill_r
001174c0 00000084 T _lseek_r
00117544 00000080 T _read_r
001175c4 00000078 W _sbrk_r
0011763c 0000001c T __libc_lock_acquire
00117658 0000001c T __libc_lock_release
00117674 0000001c T __libc_lock_acquire_recursive
00117690 0000001c T __libc_lock_release_recursive
001176ac 00000080 T _write_r
0011772c 00000048 T strrchr
00117774 T _fini
001181b0 r .LC2
00118290 00000080 r dotab_stdout
00118310 00000018 r grayScale
00118328 00000006 r colorCube
00118330 00000030 r colorTable
00118360 00000008 r morton_y.2
00118368 00000008 r morton_x.3
00118370 00000008 r s_sleepWakeEvents.4
00118378 R default_font_bin
00118b78 R default_font_bin_end
00118b78 00000030 r error_table
00118ba8 00000080 r archive_devoptab
00118c64 00000010 r zeroes.0
00118c74 00000010 r blanks.1
00118c84 00000101 R _ctype_
00118d88 00000010 r zeroes.0
00118d98 00000010 r blanks.1
00118da8 0000006c R __action_table
00118e14 0000006c R __state_table
00118e80 00000100 R __chclass
00118f80 0000000c r p05.0
00118f90 00000028 R __mprec_bigtens
00118fb8 000000c8 R __mprec_tens
00119080 00000080 R dotab_stdnull
00119100 R __tdata_align
00119104 r __EH_FRAME_BEGIN__
00119104 R __exidx_end
00119104 R __exidx_start
0011a000 00000004 D width
0011a004 00000004 D height
0011a008 00000001 d firstConsoleInit.0
0011a00c 00000004 D currentConsole
0011a010 00000048 D defaultConsole
0011a058 00000004 d aptChainloadDeliverArgSize
0011a05c 00000004 d kCount
0011a060 00000004 d kInterval
0011a064 00000004 d kDelay
0011a068 W __stacksize__
0011a06c 00000004 D __malloc_sbrk_base
0011a070 00000004 D __malloc_trim_threshold
0011a078 00000408 D __malloc_av_
0011a480 0000000c D __sglue
0011a48c 0000016c D __global_locale
0011a5f8 00000004 D _impure_ptr
0011a600 00000120 D _impure_data
0011a720 00000400 d _current_working_directory
0011ab20 00001000 d handles
0011bb20 0000000c d __stderr_handle
0011bb2c 0000000c d __stdout_handle
0011bb38 0000000c d __stdin_handle
0011bb44 0000008c D devoptab_list
0011bbd0 00000004 d defaultDevice
0011bbdc d _GLOBAL_OFFSET_TABLE_
0011bbe8 d __frame_dummy_init_array_entry
0011bbe8 D __init_array_start
0011bbe8 B __preinit_array_end
0011bbe8 B __preinit_array_start
0011bbe8 D __tdata_lma
0011bbe8 D __tdata_lma_end
0011bbec d __do_global_dtors_aux_fini_array_entry
0011bbec D __fini_array_start
0011bbec D __init_array_end
0011bbf0 D __bss_start__
0011bbf0 D __fini_array_end
0011bbf0 00000001 B isGameOver
0011bbf4 00000004 B snakeHeadX
0011bbf8 00000004 B snakeHeadY
0011bbfc 00000004 B fruitCordX
0011bc00 00000004 B fruitCordY
0011bc04 00000004 B x
0011bc08 00000004 B y
0011bc0c 00000004 B x1
0011bc10 00000004 B y1
0011bc14 00000004 B playerScore
0011bc18 00000a00 B snakeTailX
0011c618 00000a00 B snakeTailY
0011d018 00000004 B snakeTailLength
0011d01c 00000004 B direction
0011d020 b completed.1
0011d024 b object.0
0011d03c 0000001c b escapeSeq
0011d058 00000048 B currentCopy
0011d0a0 00000004 b screenAlloc
0011d0a4 00000004 b screenFree
0011d0a8 00000002 b gfxIsDoubleBuf
0011d0ac 00000002 b gfxCurBuf
0011d0ae 00000001 b gfxIsVram
0011d0af 00000001 b gfxTopMode
0011d0b0 00000002 b gfxFramebufferFormats
0011d0b4 00000004 b gfxBottomFramebufferMaxSize
0011d0b8 00000004 b gfxTopFramebufferMaxSize
0011d0c0 00000008 b gfxBottomFramebuffers
0011d0c8 00000008 b gfxTopFramebuffers
0011d0d0 00000001 b flagValue.0
0011d0d1 00000001 b flagInit.1
0011d0d4 00000004 b serviceName.6
0011d0d8 00000001 b aptChainloadFlags
0011d0d9 00000001 b aptChainloadMediatype
0011d0dc 00000020 b aptChainloadHmac
0011d0fc 00000300 b aptChainloadDeliverArg
0011d400 00000008 b aptChainloadTid
0011d408 00001000 b aptParameters
0011e408 00000004 b aptFlags
0011e40c 00000001 b aptHomeButtonState
0011e410 00000004 b aptMessageFuncData
0011e414 00000004 b aptMessageFunc
0011e418 0000000c b aptFirstHook
0011e424 00000001 b aptEventHandlerThreadQuit
0011e428 00000004 b aptEventHandlerThread
0011e42c 00000008 b aptSleepEvent
0011e434 00000008 b aptReceiveEvent
0011e43c 00000008 b aptEvents
0011e444 00000004 b aptLockHandle
0011e448 00000004 b aptRefCount
0011e44c 00000007 b gspEventCbOneShot
0011e454 0000001c b gspEventCbData
0011e470 0000001c b gspEventCb
0011e48c 00000038 b gspEvents
0011e4c4 00000004 b gspLastEvent
0011e4c8 00000001 b gspRunEvents
0011e4cc 00000004 b gspEventThread
0011e4d0 00000004 b gspEvent
0011e4d4 00000001 b gspGpuRight
0011e4d5 00000001 b gspThreadId
0011e4d8 00000004 b gspSharedMem
0011e4dc 00000004 b gspSharedMemHandle
0011e4e0 00000004 b gspRefCount
0011e4e4 00000004 b gspGpuHandle
0011e4e8 00000001 b usingIrrst
0011e4ec 00000004 b hidRefCount
0011e4f0 00000006 b gRate
0011e4f8 00000006 b aVec
0011e500 00000004 b cPos
0011e504 00000004 b tPos
0011e508 00000004 b kRepeat
0011e50c 00000004 b kUp
0011e510 00000004 b kDown
0011e514 00000004 b kHeld
0011e518 00000004 b kOld
0011e51c 00000004 B hidSharedMem
0011e520 00000014 B hidEvents
0011e534 00000004 B hidMemHandle
0011e538 00000004 B hidHandle
0011e53c 00000004 b irrstRefCount
0011e540 00000004 b csPos
0011e544 00000004 b kHeld
0011e548 00000004 B irrstSharedMem
0011e54c 00000004 B irrstEvent
0011e550 00000004 B irrstMemHandle
0011e554 00000004 B irrstHandle
0011e558 00000004 B __system_retAddr
0011e55c 00000004 B __system_argv
0011e560 00000004 B __system_argc
0011e564 b saved_stack
0011e570 00000008 b sLinearPool
0011e578 0000000c b sAddrMap
0011e588 00000008 b sVramPoolB
0011e590 00000008 b sVramPoolA
0011e598 0000000c b sAddrMap
0011e5a4 00000004 B __3dslink_host
0011e5a8 00000001 V __ctru_speedup
0011e5ac 00000004 b srvRefCount
0011e5b0 00000004 b srvHandle
0011e5b4 00000004 b arbiter
0011e5b8 00000004 b currentAddr
0011e5bc 00000004 b maxAddr
0011e5c0 00000004 b minAddr
0011e5c4 00000004 b ptmSysmRefCount
0011e5c8 00000004 b ptmSysmHandle
0011e5cc 00000004 b srvPmHandle
0011e5d0 00000004 V __ctru_linear_heap_size
0011e5d4 00000004 V __ctru_heap_size
0011e5d8 00000004 B __ctru_linear_heap
0011e5dc 00000004 B __ctru_heap
0011e5e0 000005c0 b archive_devices
0011eba0 00000004 b archive_device_cwd
0011eba4 00000001 b archive_initialized
0011eba8 00000080 b fsExemptArchives
0011ec28 00000004 b fsuRefCount
0011ec2c 00000004 b fsuHandle
0011ec30 00000028 B __malloc_current_mallinfo
0011ec58 00000004 B __malloc_max_total_mem
0011ec5c 00000004 B __malloc_max_sbrked_mem
0011ec60 00000004 B __malloc_top_pad
0011ec64 0000000c b __malloc_recursive_mutex
0011ec70 0000000c b __sfp_recursive_mutex
0011ec80 00000168 B __sf
0011ede8 00000004 B __stdio_exit_handler
0011edec 00000400 b temp_cwd
0011f1ec 00000004 b __hndl_lock
0011f1f0 00000004 B fake_heap_start
0011f1f4 00000004 B fake_heap_end
0011f1f8 00000004 b heap_start.0
0011f1fc B __tls_start
0011fe04 B __bss_end__
0011fe04 A __end__
0011fe04 B __tls_end
